args = Namespace(debug=True, eta=0.01, maxepochs=1, nhid=11, ntrain=10, ode='ode01bvp', seed=0, verbose=True)
debug = True
eta = 0.01
maxepochs = 1
nhid = 11
ntrain = 10
ode = ode01bvp
seed = 0
verbose = True
Seeding random number generator with value 0.
Importing ODE module ode01bvp.
Computing training points in domain [0,1].
dx = 0.1111111111111111
xt = [0.0, 0.1111111111111111, 0.2222222222222222, 0.3333333333333333, 0.4444444444444444, 0.5555555555555556, 0.6666666666666666, 0.7777777777777777, 0.8888888888888888, 1.0]
Gf = <function Gf at 0x10a430950>
bc0 = 1
bc1 = 3
dG_dyf = <function dG_dyf at 0x10a430ae8>
dG_dydxf = <function dG_dydxf at 0x10a430b70>
dG_d2ydx2f = <function dG_d2ydx2f at 0x10a430bf8>
x = [0.0, 0.1111111111111111, 0.2222222222222222, 0.3333333333333333, 0.4444444444444444, 0.5555555555555556, 0.6666666666666666, 0.7777777777777777, 0.8888888888888888, 1.0]
nhid = 11
maxepochs = 1
eta = 0.01
debug = True
verbose = True
ntrain = 10
w = [ 0.09762701  0.43037873  0.20552675  0.08976637 -0.1526904   0.29178823
 -0.12482558  0.783546    0.92732552 -0.23311696  0.58345008]
u = [ 0.05778984  0.13608912  0.85119328 -0.85792788 -0.8257414  -0.95956321
  0.66523969  0.5563135   0.7400243   0.95723668  0.59831713]
v = [-0.07704128  0.56105835 -0.76345115  0.27984204 -0.71329343  0.88933783
  0.04369664 -0.17067612 -0.47088878  0.54846738 -0.08769934]
A = 1
B = 3
n = 10
H = 11
Starting epoch 0.
z = [[ 0.05778984  0.13608912  0.85119328 -0.85792788 -0.8257414  -0.95956321
   0.66523969  0.5563135   0.7400243   0.95723668  0.59831713]
 [ 0.06863728  0.18390898  0.87402958 -0.84795384 -0.842707   -0.92714229
   0.65137018  0.64337417  0.84306047  0.9313348   0.66314491]
 [ 0.07948473  0.23172884  0.89686589 -0.8379798  -0.8596726  -0.89472138
   0.63750067  0.73043484  0.94609663  0.90543292  0.7279727 ]
 [ 0.09033218  0.2795487   0.91970219 -0.82800576 -0.8766382  -0.86230046
   0.62363117  0.8174955   1.0491328   0.87953103  0.79280049]
 [ 0.10117962  0.32736856  0.9425385  -0.81803172 -0.8936038  -0.82987955
   0.60976166  0.90455617  1.15216897  0.85362915  0.85762827]
 [ 0.11202707  0.37518842  0.96537481 -0.80805768 -0.9105694  -0.79745864
   0.59589215  0.99161684  1.25520514  0.82772726  0.92245606]
 [ 0.12287451  0.42300828  0.98821111 -0.79808364 -0.927535   -0.76503772
   0.58202264  1.0786775   1.35824131  0.80182538  0.98728385]
 [ 0.13372196  0.47082814  1.01104742 -0.7881096  -0.9445006  -0.73261681
   0.56815313  1.16573817  1.46127748  0.77592349  1.05211163]
 [ 0.1445694   0.518648    1.03388372 -0.77813556 -0.9614662  -0.70019589
   0.55428362  1.25279884  1.56431365  0.75002161  1.11693942]
 [ 0.15541685  0.56646785  1.05672003 -0.76816152 -0.9784318  -0.66777498
   0.54041411  1.3398595   1.66734982  0.72411972  1.1817672 ]]
s = [[0.51444344 0.53396987 0.7008174  0.29777245 0.30454628 0.27696566
  0.66043643 0.63559913 0.67700117 0.7225682  0.6452712 ]
 [0.51715259 0.54584809 0.70558348 0.29986226 0.30096496 0.28350484
  0.65731916 0.6555158  0.69910939 0.71734601 0.6599665 ]
 [0.51986073 0.55767436 0.71030502 0.30196043 0.29740775 0.29013646
  0.65418827 0.67490069 0.7203295  0.71206469 0.67436024]
 [0.5225677  0.56943558 0.71498142 0.30406691 0.29387491 0.29685894
  0.65104395 0.69370445 0.74060834 0.70672503 0.68843233]
 [0.52527335 0.58111897 0.71961214 0.30618163 0.29036669 0.30367054
  0.64788643 0.7118849  0.75990687 0.70132788 0.70216489]
 [0.52797751 0.59271209 0.72419664 0.30830455 0.28688333 0.3105694
  0.64471593 0.72940716 0.7781996  0.69587416 0.71554228]
 [0.53068004 0.60420288 0.72873444 0.3104356  0.28342508 0.31755352
  0.64153268 0.74624363 0.79547372 0.69036481 0.7285511 ]
 [0.53338076 0.61557975 0.73322508 0.31257472 0.27999214 0.32462075
  0.63833691 0.76237381 0.81172798 0.68480087 0.74118018]
 [0.53607953 0.62683157 0.73766814 0.31472185 0.27658473 0.3317688
  0.63512885 0.77778398 0.82697146 0.67918341 0.75342057]
 [0.53877619 0.63794775 0.74206324 0.31687694 0.27320306 0.33899524
  0.63190875 0.79246684 0.84122216 0.67351356 0.7652654 ]]
s1 = [[0.24979139 0.24884605 0.20967237 0.20910402 0.21179784 0.20025568
  0.22426015 0.23161288 0.21867059 0.2004634  0.22889628]
 [0.24970579 0.24789795 0.20773543 0.20994489 0.21038505 0.20312985
  0.22525068 0.22581484 0.21035545 0.20276071 0.22441072]
 [0.24960555 0.24667367 0.2057718  0.21078033 0.20895638 0.2059573
  0.22622598 0.21940975 0.20145491 0.20502857 0.21959851]
 [0.2494907  0.2451787  0.20378299 0.21161022 0.20751245 0.20873371
  0.22718573 0.21247859 0.19210763 0.20726476 0.21449326]
 [0.24936126 0.24341971 0.20177051 0.21243444 0.20605388 0.21145474
  0.2281296  0.20510479 0.18244842 0.20946708 0.20912936]
 [0.24921726 0.24140447 0.19973587 0.21325285 0.20458129 0.21411605
  0.2290573  0.19737236 0.17260499 0.21163331 0.20354153]
 [0.24905874 0.23914176 0.19768056 0.21406534 0.2030953  0.21671328
  0.2299685  0.18936407 0.16269528 0.21376124 0.1977644 ]
 [0.24888572 0.23664132 0.19560606 0.21487176 0.20159654 0.21924212
  0.2308629  0.18115999 0.15282566 0.21584864 0.19183212]
 [0.24869827 0.23391375 0.19351385 0.21567201 0.20008562 0.22169826
  0.23174019 0.17283606 0.14308966 0.21789331 0.18577802]
 [0.24849641 0.23097042 0.19140539 0.21646595 0.19856315 0.22407747
  0.23260008 0.16446315 0.13356744 0.21989304 0.17963427]]
s2 = [[-0.00721569 -0.01690654 -0.08421172  0.08457319  0.08279335  0.08932779
  -0.071959   -0.06281301 -0.0774099  -0.08923356 -0.06650407]
 [-0.0085662  -0.0227313  -0.08541395  0.08403579  0.08374799  0.08795326
  -0.0708725  -0.07023555 -0.08376749 -0.08813846 -0.07179639]
 [-0.0099147  -0.02845349 -0.08654968  0.08348569  0.08466589  0.08644585
  -0.06976278 -0.07674983 -0.08877292 -0.08695864 -0.0765785 ]
 [-0.01126086 -0.03404825 -0.08761911  0.08292289  0.08554704  0.08480477
  -0.06863006 -0.08231609 -0.09244539 -0.08569363 -0.08083493]
 [-0.01260439 -0.03949191 -0.08862251  0.08234739  0.08639151  0.08302959
  -0.06747455 -0.08691721 -0.09483919 -0.08434313 -0.08455723]
 [-0.01394496 -0.04476222 -0.08956022  0.0817592   0.08719936  0.08112026
  -0.06629648 -0.09055726 -0.09603727 -0.08290699 -0.08774361]
 [-0.01528226 -0.04983852 -0.0904327   0.08115834  0.0879707   0.07907715
  -0.06509612 -0.09325939 -0.09614436 -0.08138524 -0.09039854]
 [-0.01661599 -0.05470189 -0.09124048  0.0805448   0.08870565  0.07690104
  -0.06387372 -0.09506327 -0.09528007 -0.07977803 -0.09253221]
 [-0.01794583 -0.0593353  -0.09198416  0.07991862  0.08940436  0.07459313
  -0.06262957 -0.09602218 -0.09357247 -0.07808573 -0.09415994]
 [-0.01927149 -0.0637237  -0.09266442  0.07927981  0.09006703  0.07215508
  -0.06136397 -0.09620003 -0.09115234 -0.07630885 -0.09530151]]
s3 = [[-0.12458304 -0.12270009 -0.05410265 -0.05324293 -0.05735212 -0.04035835
  -0.07749554 -0.09025427 -0.06823037 -0.04065004 -0.08546476]
 [-0.1244121  -0.12082242 -0.05118863 -0.05451624 -0.05518617 -0.04444056
  -0.07917653 -0.08013921 -0.05514104 -0.04391073 -0.07775031]
 [-0.12421204 -0.11841372 -0.0482804  -0.05578975 -0.05302023 -0.04855315
  -0.08084318 -0.06943408 -0.04204957 -0.04719171 -0.06974252]
 [-0.12398295 -0.11549687 -0.04538205 -0.0570631  -0.05085605 -0.05268486
  -0.0824944  -0.05840431 -0.02932442 -0.05048733 -0.06155089]
 [-0.12372496 -0.11209923 -0.04249752 -0.05833591 -0.04869532 -0.05682391
  -0.08412909 -0.04730306 -0.01727614 -0.05379167 -0.05328117]
 [-0.12343819 -0.10825224 -0.03963063 -0.05960782 -0.04653973 -0.06095805
  -0.08574618 -0.03636272 -0.0061499  -0.05709864 -0.04503339]
 [-0.12312279 -0.10399093 -0.03678506 -0.06087847 -0.04439091 -0.0650746
  -0.08734457 -0.02578844  0.00387675 -0.06040196 -0.03690014]
 [-0.1227789  -0.09935337 -0.03396433 -0.06214749 -0.04225045 -0.06916052
  -0.08892317 -0.01575366  0.01269156 -0.06369517 -0.02896525]
 [-0.1224067  -0.09438011 -0.03117182 -0.06341448 -0.04011991 -0.07320245
  -0.09048091 -0.00639776  0.02024175 -0.06697165 -0.02130281]
 [-0.12200638 -0.08911359 -0.02841075 -0.06467909 -0.03800079 -0.0771868
  -0.09201671  0.00217438  0.02652588 -0.07022466 -0.01397655]]
N = [-0.2213703  -0.22769742 -0.23344986 -0.23860047 -0.24313008 -0.24702728
 -0.25028794 -0.25291469 -0.25491615 -0.25630628]
dN_dx = [-0.05943032 -0.05440487 -0.04909844 -0.04358378 -0.03793211 -0.03221134
 -0.0264847  -0.02080974 -0.01523762 -0.00981268]
dN_dv = [[0.51444344 0.53396987 0.7008174  0.29777245 0.30454628 0.27696566
  0.66043643 0.63559913 0.67700117 0.7225682  0.6452712 ]
 [0.51715259 0.54584809 0.70558348 0.29986226 0.30096496 0.28350484
  0.65731916 0.6555158  0.69910939 0.71734601 0.6599665 ]
 [0.51986073 0.55767436 0.71030502 0.30196043 0.29740775 0.29013646
  0.65418827 0.67490069 0.7203295  0.71206469 0.67436024]
 [0.5225677  0.56943558 0.71498142 0.30406691 0.29387491 0.29685894
  0.65104395 0.69370445 0.74060834 0.70672503 0.68843233]
 [0.52527335 0.58111897 0.71961214 0.30618163 0.29036669 0.30367054
  0.64788643 0.7118849  0.75990687 0.70132788 0.70216489]
 [0.52797751 0.59271209 0.72419664 0.30830455 0.28688333 0.3105694
  0.64471593 0.72940716 0.7781996  0.69587416 0.71554228]
 [0.53068004 0.60420288 0.72873444 0.3104356  0.28342508 0.31755352
  0.64153268 0.74624363 0.79547372 0.69036481 0.7285511 ]
 [0.53338076 0.61557975 0.73322508 0.31257472 0.27999214 0.32462075
  0.63833691 0.76237381 0.81172798 0.68480087 0.74118018]
 [0.53607953 0.62683157 0.73766814 0.31472185 0.27658473 0.3317688
  0.63512885 0.77778398 0.82697146 0.67918341 0.75342057]
 [0.53877619 0.63794775 0.74206324 0.31687694 0.27320306 0.33899524
  0.63190875 0.79246684 0.84122216 0.67351356 0.7652654 ]]
dN_du = [[-0.01924425  0.13961715 -0.16007461  0.0585161  -0.15107401  0.17809495
   0.00979942 -0.03953079 -0.10296952  0.10994763 -0.02007405]
 [-0.01923765  0.13908522 -0.15859586  0.05875141 -0.15006628  0.18065106
   0.0098427  -0.0385412  -0.09905402  0.11120764 -0.01968067]
 [-0.01922993  0.13839832 -0.15709672  0.0589852  -0.14904721  0.18316562
   0.00988532 -0.037448   -0.09486286  0.11245148 -0.01925864]
 [-0.01922108  0.13755956 -0.15557836  0.05921744 -0.14801726  0.18563478
   0.00992725 -0.03626502 -0.09046133  0.11367796 -0.01881092]
 [-0.01921111  0.13657266 -0.15404193  0.05944809 -0.14697687  0.1880547
   0.0099685  -0.03500649 -0.08591291  0.11488586 -0.01834051]
 [-0.01920002  0.13544199 -0.15248858  0.05967711 -0.14592649  0.1904215
   0.01000904 -0.03368675 -0.08127775  0.11607397 -0.01785046]
 [-0.0191878   0.13417248 -0.15091945  0.05990448 -0.14486654  0.19273132
   0.01004885 -0.03231993 -0.07661138  0.11724107 -0.01734381]
 [-0.01917447  0.13276959 -0.14933567  0.06013015 -0.14379749  0.19498031
   0.01008793 -0.03091968 -0.07196389  0.11838594 -0.01682355]
 [-0.01916003  0.13123927 -0.14773837  0.0603541  -0.14271976  0.19716465
   0.01012627 -0.02949899 -0.06737932  0.11950737 -0.01629261]
 [-0.01914448  0.12958788 -0.14612866  0.06057627 -0.14163379  0.19928057
   0.01016384 -0.02806993 -0.06289541  0.12060416 -0.01575381]]
dN_dw = [[-0.          0.         -0.          0.         -0.          0.
   0.         -0.         -0.          0.         -0.        ]
 [-0.00213752  0.01545391 -0.01762176  0.00652793 -0.01667403  0.02007234
   0.00109363 -0.00428236 -0.011006    0.0123564  -0.00218674]
 [-0.00427332  0.03075518 -0.03491038  0.01310782 -0.0331216   0.04070347
   0.00219674 -0.00832178 -0.02108063  0.02498922 -0.0042797 ]
 [-0.00640703  0.04585319 -0.05185945  0.01973915 -0.04933909  0.06187826
   0.00330908 -0.01208834 -0.03015378  0.03789265 -0.00627031]
 [-0.00853827  0.06069896 -0.06846308  0.02642137 -0.06532306  0.08357987
   0.00443044 -0.01555844 -0.03818352  0.05106038 -0.00815134]
 [-0.01066668  0.07524555 -0.08471588  0.03315395 -0.08107027  0.10578972
   0.00556058 -0.01871486 -0.04515431  0.06448554 -0.00991692]
 [-0.01279187  0.08944832 -0.10061297  0.03993632 -0.0965777   0.12848755
   0.00669923 -0.02154662 -0.05107426  0.07816071 -0.01156254]
 [-0.01491348  0.10326524 -0.11614997  0.0467679  -0.11184249  0.15165135
   0.00784617 -0.02404864 -0.05597191  0.09207795 -0.01308498]
 [-0.01703114  0.11665712 -0.131323    0.05364808 -0.12686201  0.17525747
   0.00900113 -0.02622132 -0.05989273  0.10622877 -0.01448232]
 [-0.01914448  0.12958788 -0.14612866  0.06057627 -0.14163379  0.19928057
   0.01016384 -0.02806993 -0.06289541  0.12060416 -0.01575381]]
d2N_dvdx = [[ 0.02438639  0.10709805  0.04309328  0.01877051 -0.0323395   0.05843225
  -0.0279934   0.18147934  0.20277882 -0.04673142  0.13354955]
 [ 0.02437803  0.10669001  0.04269519  0.01884599 -0.03212378  0.0592709
  -0.02811705  0.17693631  0.19506798 -0.04726696  0.13093245]
 [ 0.02436824  0.1061631   0.04229161  0.01892098 -0.03190563  0.06009591
  -0.02823879  0.17191763  0.18681428 -0.04779564  0.12812477]
 [ 0.02435703  0.1055197   0.04188286  0.01899548 -0.03168516  0.06090604
  -0.02835859  0.16648675  0.17814631 -0.04831693  0.12514611]
 [ 0.02434439  0.10476267  0.04146924  0.01906947 -0.03146245  0.0617
  -0.02847641  0.16070904  0.16918908 -0.04883033  0.12201654]
 [ 0.02433034  0.10389535  0.04105106  0.01914293 -0.0312376   0.06247654
  -0.02859221  0.15465032  0.16006101 -0.04933532  0.11875632]
 [ 0.02431486  0.10292153  0.04062864  0.01921587 -0.0310107   0.06323438
  -0.02870595  0.14837546  0.15087149 -0.04983137  0.11538565]
 [ 0.02429797  0.10184539  0.04020228  0.01928826 -0.03078186  0.06397227
  -0.02881759  0.14194718  0.14171914 -0.05031798  0.11192446]
 [ 0.02427967  0.1006715   0.03977227  0.01936009 -0.03055115  0.06468894
  -0.0289271   0.13542501  0.1326907  -0.05079463  0.1083922 ]
 [ 0.02425996  0.09940476  0.03933893  0.01943136 -0.03031869  0.06538317
  -0.02903444  0.12886444  0.12386049 -0.0512608   0.10480763]]
d2N_dudx = [[ 5.42714659e-05 -4.08238023e-03  1.32136304e-02  2.12451254e-03
   9.01727732e-03  2.31804102e-02  3.92497375e-04  8.40014633e-03
   3.38023622e-02  1.14091390e-02  3.40289265e-03]
 [ 6.44290460e-05 -5.48887132e-03  1.34022711e-02  2.11101291e-03
   9.12125019e-03  2.28237214e-02  3.86571114e-04  9.39278194e-03
   3.65785144e-02  1.12691238e-02  3.67369105e-03]
 [ 7.45714910e-05 -6.87059550e-03  1.35804792e-02  2.09719422e-03
   9.22122063e-03  2.24325527e-02  3.80518222e-04  1.02639539e-02
   3.87642207e-02  1.11182749e-02  3.91838258e-03]
 [ 8.46964291e-05 -8.22154854e-03  1.37482831e-02  2.08305646e-03
   9.31719024e-03  2.20066957e-02  3.74339823e-04  1.10083446e-02
   4.03678695e-02  1.09565344e-02  4.13617653e-03]
 [ 9.48014970e-05 -9.53601663e-03  1.39057250e-02  2.06859973e-03
   9.40916387e-03  2.15460385e-02  3.68037127e-04  1.16236643e-02
   4.14131636e-02  1.07838636e-02  4.32663981e-03]
 [ 1.04884341e-04 -1.08086260e-02  1.40528615e-02  2.05382419e-03
   9.49714944e-03  2.10505707e-02  3.61611424e-04  1.21104574e-02
   4.19363256e-02  1.06002436e-02  4.48968113e-03]
 [ 1.14942620e-04 -1.20343870e-02  1.41897623e-02  2.03873012e-03
   9.58115798e-03  2.05203867e-02  3.55064088e-04  1.24718205e-02
   4.19830864e-02  1.04056761e-02  4.62552910e-03]
 [ 1.24974002e-04 -1.32087327e-02  1.43165103e-02  2.02331789e-03
   9.66120346e-03  1.99556890e-02  3.48396574e-04  1.27130574e-02
   4.16056804e-02  1.02001838e-02  4.73470522e-03]
 [ 1.34976171e-04 -1.43275506e-02  1.44332004e-02  2.00758795e-03
   9.73730278e-03  1.93567913e-02  3.41610420e-04  1.28412946e-02
   4.08600277e-02  9.98381105e-03  4.81799317e-03]
 [ 1.44946826e-04 -1.53872078e-02  1.45399398e-02  1.99154085e-03
   9.80947566e-03  1.87241207e-02  3.34707246e-04  1.28650799e-02
   3.98032345e-02  9.75662447e-03  4.87640530e-03]]
d2N_dwdx = [[-0.01924425  0.13961715 -0.16007461  0.0585161  -0.15107401  0.17809495
   0.00979942 -0.03953079 -0.10296952  0.10994763 -0.02007405]
 [-0.01923049  0.13847534 -0.15710671  0.05898596 -0.1490528   0.18318703
   0.00988565 -0.03749756 -0.09498974  0.11245976 -0.01927248]
 [-0.01921336  0.13687152 -0.15407883  0.05945124 -0.14699805  0.18815063
   0.00996988 -0.03516713 -0.08624858  0.11492221 -0.01838789]
 [-0.01919285  0.13481904 -0.1509956   0.05991179 -0.14491153  0.19297035
   0.01005203 -0.03259557 -0.07700537  0.11733014 -0.01743219]
 [-0.01916898  0.13233443 -0.1478616   0.06036747 -0.14279502  0.19763072
   0.01013207 -0.02984042 -0.06750706  0.11967869 -0.01641755]
 [-0.01914175  0.1294372  -0.14468143  0.06081813 -0.14065029  0.20211626
   0.01020993 -0.02695872 -0.05797979  0.12196299 -0.01535619]
 [-0.01911117  0.12614956 -0.14145961  0.06126363 -0.13847911  0.20641158
   0.01028556 -0.02400538 -0.04862266  0.12417818 -0.01426012]
 [-0.01907727  0.12249613 -0.13820061  0.06170385 -0.13628322  0.2105014
   0.01035891 -0.02103175 -0.03960392  0.12631941 -0.013141  ]
 [-0.01904005  0.11850366 -0.13490886  0.06213862 -0.13406438  0.21437069
   0.01042992 -0.0180845  -0.03105929  0.12838187 -0.01200995]
 [-0.01899953  0.11420067 -0.13158872  0.06256781 -0.13182431  0.21800469
   0.01049855 -0.01520485 -0.02309217  0.13036079 -0.0108774 ]]
d2N_dx2 = [0.04374617 0.04660299 0.04880345 0.05035324 0.05127473 0.05160422
 0.05138886 0.05068357 0.04954813 0.04804447]
d3N_dvdx2 = [[-6.87730155e-05 -3.13152745e-03 -3.55720801e-03  6.81490772e-04
   1.93027391e-03  7.60540090e-03 -1.12122368e-03 -3.85636905e-02
  -6.65672973e-02 -4.84926532e-03 -2.26389170e-02]
 [-8.16447409e-05 -4.21042387e-03 -3.60799149e-03  6.77160428e-04
   1.95253076e-03  7.48837272e-03 -1.10429449e-03 -4.31207174e-02
  -7.20343990e-02 -4.78975417e-03 -2.44404967e-02]
 [-9.44972872e-05 -5.27032201e-03 -3.65596646e-03  6.72727736e-04
   1.97393082e-03  7.36003183e-03 -1.08700355e-03 -4.71201246e-02
  -7.63387302e-02 -4.72563835e-03 -2.60683915e-02]
 [-1.07327649e-04 -6.30661611e-03 -3.70114050e-03  6.68192696e-04
   1.99447446e-03  7.22030981e-03 -1.06935409e-03 -5.05374999e-02
  -7.94968102e-02 -4.65689324e-03 -2.75173409e-02]
 [-1.20132831e-04 -7.31492319e-03 -3.74352504e-03  6.63555334e-04
   2.01416269e-03  7.06917003e-03 -1.05134956e-03 -5.33623316e-02
  -8.15553173e-02 -4.58350237e-03 -2.87844635e-02]
 [-1.32909851e-04 -8.29112109e-03 -3.78313528e-03  6.58815710e-04
   2.03299723e-03  6.90660901e-03 -1.03299364e-03 -5.55971186e-02
  -8.25855849e-02 -4.50545774e-03 -2.98691522e-02]
 [-1.45655740e-04 -9.23138242e-03 -3.81999001e-03  6.53973908e-04
   2.05098043e-03  6.73265772e-03 -1.01429026e-03 -5.72560771e-02
  -8.26776714e-02 -4.42276003e-03 -3.07729276e-02]
 [-1.58367548e-04 -1.01322039e-02 -3.85411151e-03  6.49030047e-04
   2.06811528e-03  6.54738263e-03 -9.95243572e-04 -5.83635562e-02
  -8.19344424e-02 -4.33541893e-03 -3.14992594e-02]
 [-1.71042336e-04 -1.09904309e-02 -3.88552537e-03  6.43984273e-04
   2.08440540e-03  6.35088666e-03 -9.75857974e-04 -5.89522720e-02
  -8.04660217e-02 -4.24345329e-03 -3.20533612e-02]
 [-1.83677189e-04 -1.18032767e-02 -3.91426040e-03  6.38836763e-04
   2.09985501e-03  6.14330996e-03 -9.56138090e-04 -5.90614661e-02
  -7.83848694e-02 -4.14689141e-03 -3.24419681e-02]]
d3N_dudx2 = [[ 9.14791940e-05 -1.27513012e-02  1.74476325e-03 -1.20061056e-04
   9.53764467e-04 -3.05587555e-03 -5.27633030e-05  9.45735132e-03
   2.76287005e-02 -1.21160080e-03  2.55147187e-03]
 [ 9.13536769e-05 -1.25561690e-02  1.65078862e-03 -1.22932349e-04
   9.17744882e-04 -3.36497484e-03 -5.39078156e-05  8.39743780e-03
   2.23284062e-02 -1.30878761e-03  2.32116398e-03]
 [ 9.12067761e-05 -1.23058517e-02  1.55700086e-03 -1.25804072e-04
   8.81725378e-04 -3.67637420e-03 -5.50425624e-05  7.27569431e-03
   1.70272446e-02 -1.40657959e-03  2.08209881e-03]
 [ 9.10385647e-05 -1.20027249e-02  1.46353151e-03 -1.28675415e-04
   8.45734990e-04 -3.98922112e-03 -5.61668026e-05  6.11993319e-03
   1.18744124e-02 -1.50480746e-03  1.83754510e-03]
 [ 9.08491268e-05 -1.16496333e-02  1.37050798e-03 -1.31545564e-04
   8.09802164e-04 -4.30262391e-03 -5.72797945e-05  4.95668133e-03
   6.99567149e-03 -1.60329553e-03  1.59066031e-03]
 [ 9.06385564e-05 -1.12498445e-02  1.27805332e-03 -1.34413693e-04
   7.73954731e-04 -4.61565493e-03 -5.83807966e-05  3.81029125e-03
   2.49029520e-03 -1.70186204e-03  1.34443046e-03]
 [ 9.04069584e-05 -1.08069985e-02  1.18628604e-03 -1.37278968e-04
   7.38219874e-04 -4.92735438e-03 -5.94690683e-05  2.70225823e-03
  -1.56982340e-03 -1.80031962e-03  1.10161982e-03]
 [ 9.01544477e-05 -1.03250518e-02  1.09531991e-03 -1.40140549e-04
   7.02624107e-04 -5.23673445e-03 -6.05438707e-05  1.65075699e-03
  -5.13922771e-03 -1.89847577e-03  8.64730972e-04]
 [ 8.98811495e-05 -9.80821820e-03  1.00526386e-03 -1.42997588e-04
   6.67193247e-04 -5.54278384e-03 -6.16044672e-05  6.70393779e-04
  -8.19654614e-03 -1.99613341e-03  6.35975828e-04]
 [ 8.95871991e-05 -9.26090766e-03  9.16221816e-04 -1.45849228e-04
   6.31952396e-04 -5.84447269e-03 -6.26501246e-05 -2.27844197e-04
  -1.07411927e-02 -2.09309144e-03  4.17257085e-04]]
d3N_dwdx2 = [[ 0.00010854 -0.00816476  0.02642726  0.00424903  0.01803455  0.04636082
   0.00078499  0.01680029  0.06760472  0.02281828  0.00680579]
 [ 0.00013901 -0.01237287  0.02698796  0.00420837  0.01834447  0.04527356
   0.00076715  0.01971861  0.07563796  0.02239283  0.00760529]
 [ 0.00016941 -0.01647582  0.02750696  0.00416643  0.01863838  0.04404813
   0.0007488   0.02214473  0.08131227  0.02192398  0.00829945]
 [ 0.00019974 -0.02044401  0.02798441  0.00412322  0.01891629  0.04268365
   0.00072996  0.02405667  0.08469388  0.02141147  0.00888487]
 [ 0.00022998 -0.02424965  0.02842056  0.00407873  0.01917824  0.0411798
   0.00071062  0.0254503   0.08593551  0.02085515  0.00936024]
 [ 0.00026012 -0.02786717  0.02881575  0.00403297  0.01942427  0.03953689
   0.00069079  0.02633774  0.08525615  0.02025501  0.00972627]
 [ 0.00029016 -0.03127344  0.02917038  0.00398594  0.01965446  0.03775587
   0.00067048  0.02674515  0.08291962  0.01961114  0.00998547]
 [ 0.00032007 -0.03444806  0.02948494  0.00393764  0.01986889  0.03583836
   0.0006497   0.02671004  0.07921418  0.01892378  0.01014198]
 [ 0.00034985 -0.03737352  0.02975997  0.00388807  0.02006767  0.03378666
   0.00062846  0.02627849  0.07443424  0.01819328  0.0102013 ]
 [ 0.00037948 -0.04003532  0.0299961   0.00383723  0.0202509   0.03160377
   0.00060676  0.02550232  0.06886528  0.01742016  0.01017007]]
yt = [1.         1.19973359 1.40409509 1.61364434 1.82885677 2.05011672
 2.27771379 2.51184191 2.75260087 3.        ]
dyt_dx = [1.7786297  1.81752869 1.86181948 1.91078122 1.96361959 2.01949406
 2.07754383 2.13691141 2.19676317 2.25630628]
d2yt_dx2 = [0.32387996 0.37536779 0.42078108 0.45933469 0.49049123 0.51395441
 0.5296521  0.53771143 0.5384289  0.53223794]
dyt_dv = [[0.         0.         0.         0.         0.         0.
  0.         0.         0.         0.         0.        ]
 [0.0510768  0.05391092 0.06968726 0.02961603 0.02972493 0.02800048
  0.06492041 0.0647423  0.06904784 0.07084899 0.06518188]
 [0.08985247 0.09638816 0.12276877 0.05219069 0.05140381 0.05014704
  0.11306958 0.1166495  0.1245014  0.12307291 0.11655609]
 [0.11612616 0.12654124 0.15888476 0.06757042 0.06530554 0.06596865
  0.14467643 0.15415654 0.16457963 0.15705001 0.15298496]
 [0.12969712 0.14348617 0.17768201 0.0756004  0.07169548 0.07498038
  0.15997196 0.17577405 0.18763132 0.17316738 0.17337405]
 [0.13036482 0.14634866 0.17881398 0.07612458 0.07083539 0.0766838
  0.15918912 0.18010053 0.19214805 0.17182078 0.17667711]
 [0.1179289  0.13426731 0.16194099 0.06898569 0.06298335 0.07056745
  0.14256282 0.16583192 0.17677194 0.1534144  0.16190024]
 [0.09218927 0.1063965  0.12673026 0.05402526 0.0483937  0.05610729
  0.11032984 0.13176831 0.14029866 0.11836064 0.12810522]
 [0.05294613 0.06190929 0.07285611 0.03108364 0.02731701 0.03276729
  0.06272878 0.07681817 0.08167619 0.06707984 0.07441191]
 [0.         0.         0.         0.         0.         0.
  0.         0.         0.         0.         0.        ]]
dyt_du = [[-0.          0.         -0.          0.         -0.          0.
   0.         -0.         -0.          0.         -0.        ]
 [-0.00190002  0.01373681 -0.01566379  0.00580261 -0.01482136  0.01784208
   0.00097212 -0.00380654 -0.00978311  0.01098347 -0.00194377]
 [-0.00332369  0.0239207  -0.02715252  0.01019497 -0.02576125  0.03165825
   0.00170857 -0.00647249 -0.01639605  0.01943606 -0.00332865]
 [-0.00427135  0.03056879 -0.03457297  0.01315943 -0.03289273  0.04125217
   0.00220606 -0.00805889 -0.02010252  0.02526177 -0.0041802 ]
 [-0.00474348  0.03372165 -0.03803504  0.01467854 -0.03629059  0.04643326
   0.00246136 -0.00864358 -0.02121307  0.02836688 -0.00452852]
 [-0.00474074  0.03344247 -0.0376515   0.01473509 -0.03603123  0.04701766
   0.00247137 -0.00831772 -0.02006858  0.02866024 -0.00440752]
 [-0.00426396  0.02981611 -0.03353766  0.01331211 -0.03219257  0.04282918
   0.00223308 -0.00718221 -0.01702475  0.02605357 -0.00385418]
 [-0.00331411  0.02294783 -0.0258111   0.01039287 -0.02485389  0.0337003
   0.00174359 -0.00534414 -0.0124382   0.02046177 -0.00290777]
 [-0.00189235  0.0129619  -0.01459144  0.0059609  -0.01409578  0.01947305
   0.00100013 -0.00291348 -0.00665475  0.0118032  -0.00160915]
 [-0.          0.         -0.          0.         -0.          0.
   0.         -0.         -0.          0.         -0.        ]]
dyt_dw = [[-0.          0.         -0.          0.         -0.          0.
   0.         -0.         -0.          0.         -0.        ]
 [-0.00021111  0.00152631 -0.00174042  0.00064473 -0.00164682  0.00198245
   0.00010801 -0.00042295 -0.00108701  0.00122039 -0.00021597]
 [-0.0007386   0.00531571 -0.00603389  0.00226555 -0.00572472  0.00703517
   0.00037968 -0.00143833 -0.00364357  0.00431912 -0.0007397 ]
 [-0.00142378  0.0101896  -0.01152432  0.00438648 -0.01096424  0.01375072
   0.00073535 -0.0026863  -0.00670084  0.00842059 -0.0013934 ]
 [-0.00210822  0.0149874  -0.01690446  0.0065238  -0.01612915  0.020637
   0.00109394 -0.00384159 -0.00942803  0.0126075  -0.00201268]
 [-0.00263375  0.01857915 -0.0209175   0.00818616 -0.02001735  0.02612092
   0.00137298 -0.00462095 -0.01114921  0.01592236 -0.00244862]
 [-0.00284264  0.0198774  -0.02235844  0.00887474 -0.02146171  0.02855279
   0.00148872 -0.00478814 -0.01134983  0.01736905 -0.00256945]
 [-0.00257764  0.01784831 -0.0200753   0.00808334 -0.0193308   0.02621134
   0.00135613 -0.00415656 -0.00967416  0.01591471 -0.0022616 ]
 [-0.00168209  0.01152169 -0.01297017  0.00529858 -0.01252958  0.01730938
   0.000889   -0.00258976 -0.00591533  0.01049173 -0.00143035]
 [-0.          0.         -0.          0.         -0.          0.
   0.         -0.         -0.          0.         -0.        ]]
d2yt_dvdx = [[ 0.51444344  0.53396987  0.7008174   0.29777245  0.30454628  0.27696566
   0.66043643  0.63559913  0.67700117  0.7225682   0.6452712 ]
 [ 0.4046375   0.4350858   0.55300396  0.23508754  0.23091114  0.22635768
   0.50847125  0.52732081  0.56301772  0.55326744  0.52623887]
 [ 0.29302331  0.32816826  0.40192356  0.17102609  0.15971198  0.17157387
   0.35855715  0.40465898  0.43247194  0.38733052  0.3967896 ]
 [ 0.17960191  0.21326068  0.24763444  0.10557685  0.09091716  0.11248765
   0.21071274  0.26823187  0.28645751  0.22483791  0.25728769]
 [ 0.06437467  0.0904361   0.09019622  0.03872869  0.02449446  0.04897574
   0.06495617  0.11877957  0.12620918  0.06586845  0.10814586]
 [-0.05265668 -0.04020373 -0.07033023 -0.02952941 -0.03958891 -0.0190814
  -0.07869491 -0.04285998 -0.04694539 -0.08950091 -0.05018215]
 [-0.17149004 -0.17852951 -0.23388289 -0.09920834 -0.10136629 -0.09179909
  -0.22022333 -0.21577555 -0.23163091 -0.24119524 -0.21720911]
 [-0.292123   -0.32438584 -0.40039872 -0.17031885 -0.16087151 -0.16928793
  -0.35961244 -0.39900692 -0.42646533 -0.38914186 -0.3924218 ]
 [-0.41455276 -0.4775928  -0.56981376 -0.24287156 -0.21813886 -0.25165337
  -0.4968461  -0.59156778 -0.63009477 -0.53327051 -0.57528837]
 [-0.53877619 -0.63794775 -0.74206324 -0.31687694 -0.27320306 -0.33899524
  -0.63190875 -0.79246684 -0.84122216 -0.67351356 -0.7652654 ]]
d2yt_dudx = [[-0.01924425  0.13961715 -0.16007461  0.0585161  -0.15107401  0.17809495
   0.00979942 -0.03953079 -0.10296952  0.10994763 -0.02007405]
 [-0.01495626  0.10763528 -0.12202865  0.04590403 -0.11581735  0.14276057
   0.00769361 -0.02904881 -0.07342932  0.08760783 -0.01494435]
 [-0.01067041  0.07570045 -0.08492871  0.03313203 -0.08121022  0.10563591
   0.00555761 -0.01903043 -0.0460016   0.06439472 -0.01002199]
 [-0.00638821  0.04402618 -0.04880428  0.02020205 -0.0472686   0.06676864
   0.00339227 -0.00964204 -0.02118314  0.04032744 -0.00535116]
 [-0.00211116  0.01282017 -0.01368226  0.00711611 -0.01400751  0.02621498
   0.00119848 -0.00101957  0.00067959  0.01542778 -0.00096953]
 [ 0.00215923 -0.01771791  0.02041302 -0.00612367  0.01855903 -0.01596027
  -0.00102283  0.00673321  0.01938551 -0.01027976  0.00309195]
 [ 0.00642148 -0.04739847  0.05345976 -0.01951511  0.05041799 -0.05968369
  -0.00327071  0.01354482  0.0348667  -0.03676798  0.00680916]
 [ 0.01067409 -0.07604387  0.08543872 -0.03305593  0.08155733 -0.10487326
  -0.00554419  0.01937492  0.04717104 -0.06400697  0.01016476]
 [ 0.01491558 -0.10349005  0.11633313 -0.04674379  0.11196596 -0.1514385
  -0.00784225  0.02421193  0.05644169 -0.09196412  0.01314788]
 [ 0.01914448 -0.12958788  0.14612866 -0.06057627  0.14163379 -0.19928057
  -0.01016384  0.02806993  0.06289541 -0.12060416  0.01575381]]
d2yt_dwdx = [[-0.00000000e+00  0.00000000e+00 -0.00000000e+00  0.00000000e+00
  -0.00000000e+00  0.00000000e+00  0.00000000e+00 -0.00000000e+00
  -0.00000000e+00  0.00000000e+00 -0.00000000e+00]
 [-3.56182119e-03  2.56962871e-02 -2.92225272e-02  1.09030561e-02
  -2.76899551e-02  3.37043656e-02  1.82696419e-03 -7.03418350e-03
  -1.79419267e-02  2.07176734e-02 -3.60425386e-03]
 [-5.69489285e-03  4.07430191e-02 -4.60255658e-02  1.75576463e-02
  -4.38079614e-02  5.51329004e-02  2.94359774e-03 -1.07014792e-02
  -2.66186265e-02  3.37459968e-02 -5.55576436e-03]
 [-6.40075341e-03  4.52441823e-02 -5.08410608e-02  1.98934461e-02
  -4.86489259e-02  6.35083870e-02  3.33681343e-03 -1.12729074e-02
  -2.71635626e-02  3.87042487e-02 -5.96392190e-03]
 [-5.68177710e-03  3.94194978e-02 -4.41160469e-02  1.78412550e-02
  -4.25161478e-02  5.80843607e-02  2.99401719e-03 -9.09671971e-03
  -2.09110237e-02  3.52236698e-02 -4.95942113e-03]
 [-3.54117100e-03  2.35991860e-02 -2.63109352e-02  1.13330491e-02
  -2.57206595e-02  3.81508368e-02  1.90312878e-03 -4.57704418e-03
  -9.29885283e-03  2.29492596e-02 -2.68977163e-03]
 [ 1.70285362e-05 -1.78287214e-03  2.10218701e-03  3.02034092e-04
   1.41943081e-03  3.04005729e-03  5.26020871e-05  1.84767711e-03
   6.21971650e-03  1.54158164e-03  6.85263570e-04]
 [ 4.98796019e-03 -3.61974052e-02  4.06412347e-02 -1.53173029e-02
   3.85795927e-02 -4.78677932e-02 -2.56855504e-03  9.72523979e-03
   2.42503866e-02 -2.93214323e-02  4.99815081e-03]
 [ 1.13659426e-02 -7.90292534e-02  8.88157782e-02 -3.55891408e-02
   8.54295227e-02 -1.15138951e-01 -5.97076128e-03  1.86082385e-02
   4.35156466e-02 -6.99426890e-02  1.00778579e-02]
 [ 1.91444801e-02 -1.29587882e-01  1.46128663e-01 -6.05762723e-02
   1.41633788e-01 -1.99280569e-01 -1.01638429e-02  2.80699323e-02
   6.28954061e-02 -1.20604161e-01  1.57538058e-02]]
d3yt_dvdx2 = [[-0.98011411 -0.85374364 -1.31544824 -0.55800389 -0.67377156 -0.43706681
  -1.37685966 -0.90823957 -0.94844471 -1.53859924 -1.02344329]
 [-0.99639186 -0.9261498  -1.34510856 -0.57034166 -0.65170741 -0.47407092
  -1.35848502 -1.04005617 -1.10189422 -1.50869146 -1.11867416]
 [-1.01266196 -0.99830063 -1.37425125 -0.58278127 -0.62992504 -0.51222758
  -1.33994084 -1.166926   -1.24628193 -1.47805242 -1.21086527]
 [-1.02892123 -1.06992616 -1.40286342 -0.59532167 -0.60843004 -0.55150934
  -1.32123126 -1.28764828 -1.38011843 -1.44669621 -1.29954889]
 [-1.04516649 -1.1407635  -1.43093322 -0.60796176 -0.58722771 -0.59188449
  -1.30236055 -1.40123256 -1.50235327 -1.41463868 -1.38432228]
 [-1.06139458 -1.21055922 -1.45844984 -0.62070041 -0.56632301 -0.63331715
  -1.2833331  -1.50690874 -1.61235981 -1.38189737 -1.46484995]
 [-1.07760235 -1.27907153 -1.48540353 -0.63353644 -0.54572058 -0.67576716
  -1.26415346 -1.60412781 -1.70990124 -1.34849154 -1.54086439]
 [-1.09378664 -1.34607229 -1.5117855  -0.64646866 -0.52542476 -0.71919015
  -1.24482629 -1.69255423 -1.79508319 -1.3144422  -1.6121652 ]
 [-1.10994433 -1.41134873 -1.53758802 -0.65949581 -0.50543958 -0.76353759
  -1.22535637 -1.77205152 -1.86829794 -1.27977206 -1.67861699]
 [-1.12607231 -1.47470502 -1.56280433 -0.6726166  -0.48576875 -0.80875681
  -1.20574861 -1.84266256 -1.93016531 -1.24450553 -1.74014606]]
d3yt_dudx2 = [[ 0.03859704 -0.28739907  0.34657649 -0.11278317  0.32018257 -0.30982909
  -0.01881384  0.09586187  0.27354377 -0.19707699  0.04695389]
 [ 0.03858455 -0.28794879  0.33820273 -0.11423115  0.31441181 -0.32613089
  -0.01908939  0.09252277  0.25721323 -0.20501479  0.04530522]
 [ 0.03855848 -0.28655758  0.32955197 -0.11566192  0.30849262 -0.34204159
  -0.01935735  0.08755793  0.23574005 -0.21279244  0.04323091]
 [ 0.03851886 -0.28326742  0.32064746 -0.11707476  0.30243393 -0.35748493
  -0.01961743  0.08122892  0.21047332 -0.22038597  0.04078763]
 [ 0.03846572 -0.27814089  0.31151241 -0.11846897  0.29624463 -0.37238377
  -0.01986935  0.07381989  0.18275608 -0.22777119  0.03803524]
 [ 0.0383991  -0.27125981  0.30216986 -0.11984382  0.2899336  -0.38666058
  -0.02011284  0.0656231   0.1538512  -0.23492376  0.03503516]
 [ 0.03831907 -0.26272359  0.29264267 -0.12119862  0.2835097  -0.40023787
  -0.02034763  0.05692581  0.12488519 -0.24181932  0.03184873]
 [ 0.03822567 -0.25264739  0.28295343 -0.12253266  0.27698175 -0.41303872
  -0.02057344  0.04799906  0.09681098 -0.24843354  0.02853577]
 [ 0.03811898 -0.24115994  0.27312439 -0.12384523  0.27035849 -0.4249873
  -0.02079002  0.03908884  0.07038905 -0.25474226  0.02515337]
 [ 0.03799907 -0.22840135  0.26317745 -0.12513563  0.26364862 -0.43600938
  -0.0209971   0.0304097   0.04618434 -0.26072157  0.0217548 ]]
d3yt_dwdx2 = [[-3.84884941e-02  2.79234307e-01 -3.20149226e-01  1.17032191e-01
  -3.02148019e-01  3.56189909e-01  1.95988319e-02 -7.90615743e-02
  -2.05939049e-01  2.19895266e-01 -4.01481032e-02]
 [-2.56253382e-02  1.83276250e-01 -2.06479221e-01  7.91157151e-02
  -1.96700056e-01  2.49284380e-01  1.32661812e-02 -4.78173058e-02
  -1.18279398e-01  1.52436236e-01 -2.48547961e-02]
 [-1.27722597e-02  8.77214313e-02 -9.66236509e-02  4.05614150e-02
  -9.38665157e-02  1.35262570e-01  6.81358879e-03 -1.86035429e-02
  -3.96165183e-02  8.15022367e-02 -1.04371201e-02]
 [ 6.32078835e-05 -6.37012310e-03  9.27393178e-03  1.37917280e-03
   6.27410720e-03  1.43756326e-02  2.45399378e-04  7.79222479e-03
   2.77914991e-02  7.19288908e-03  2.89356547e-03]
 [ 1.28735546e-02 -9.79778383e-02  1.11085446e-01 -3.84206572e-02
   1.03649251e-01 -1.13073946e-01 -6.43385508e-03  3.07697004e-02
   8.25841104e-02 -7.03760816e-02  1.49654964e-02]
 [ 2.56513000e-02 -1.86135708e-01  2.08698182e-01 -7.88272478e-02
   1.98192278e-01 -2.46731979e-01 -1.32194583e-02  4.99236920e-02
   1.24243910e-01 -1.51072728e-01  2.56478748e-02]
 [ 3.83889989e-02 -2.69946000e-01  3.02014642e-01 -1.19829300e-01
   2.89842454e-01 -3.86192622e-01 -2.01065133e-02  6.50401854e-02
   1.52990199e-01 -2.34748846e-01  3.48508152e-02]
 [ 5.10792480e-02 -3.48591273e-01  3.90952329e-01 -1.61415043e-01
   3.78544908e-01 -5.30998868e-01 -2.70899458e-02  7.60824460e-02
   1.69639520e-01 -3.21240030e-01  4.25240123e-02]
 [ 6.37146915e-02 -4.21344494e-01  4.75443484e-01 -2.03572236e-01
   4.64250587e-01 -6.80643500e-01 -3.41645087e-02  8.31695043e-02
   1.75451434e-01 -4.10365811e-01  4.86543142e-02]
 [ 7.62880269e-02 -4.87577112e-01  5.55434773e-01 -2.46288171e-01
   5.46916200e-01 -8.34570518e-01 -4.13247861e-02  8.65495695e-02
   1.71975156e-01 -5.01929894e-01  5.32624125e-02]]
G = [-2.45474974 -2.21993867 -1.99659396 -1.78477986 -1.58423948 -1.39442854
 -1.21455839 -1.04364442 -0.88055649 -0.72406835]
dG_dyt = [0. 0. 0. 0. 0. 0. 0. 0. 0. 0.]
dG_dytdx = [-1. -1. -1. -1. -1. -1. -1. -1. -1. -1.]
dG_d2ytdx2 = [1. 1. 1. 1. 1. 1. 1. 1. 1. 1.]
dG_dv = [[-1.49455755 -1.38771351 -2.01626564 -0.85577634 -0.97831784 -0.71403247
  -2.03729609 -1.5438387  -1.62544588 -2.26116744 -1.66871449]
 [-1.40102936 -1.3612356  -1.89811252 -0.8054292  -0.88261855 -0.7004286
  -1.86695627 -1.56737698 -1.66491194 -2.06195891 -1.64491304]
 [-1.30568527 -1.3264689  -1.77617481 -0.75380736 -0.78963701 -0.68380146
  -1.69849799 -1.57158499 -1.67875388 -1.86538293 -1.60765487]
 [-1.20852314 -1.28318684 -1.65049786 -0.70089853 -0.6993472  -0.66399699
  -1.531944   -1.55588015 -1.66657595 -1.67153413 -1.55683658]
 [-1.10954116 -1.2311996  -1.52112944 -0.64669045 -0.61172217 -0.64086023
  -1.36731671 -1.52001212 -1.62856245 -1.48050713 -1.49246814]
 [-1.00873791 -1.17035549 -1.38811962 -0.591171   -0.52673409 -0.61423574
  -1.20463819 -1.46404876 -1.56541442 -1.29239646 -1.4146678 ]
 [-0.9061123  -1.10054202 -1.25152063 -0.5343281  -0.44435428 -0.58396807
  -1.04393014 -1.38835226 -1.47827033 -1.1072963  -1.32365528]
 [-0.80166364 -1.02168644 -1.11138678 -0.47614981 -0.36455325 -0.54990223
  -0.88521385 -1.29354731 -1.36861786 -0.92530034 -1.2197434 ]
 [-0.69539157 -0.93375593 -0.96777426 -0.41662425 -0.28730073 -0.51188422
  -0.72851026 -1.18048374 -1.23820316 -0.74650154 -1.10332861]
 [-0.58729611 -0.83675726 -0.8207411  -0.35573966 -0.21256569 -0.46976157
  -0.57383987 -1.05019572 -1.08894315 -0.57099197 -0.97488066]]
dG_du = [[ 0.05784128 -0.42701622  0.5066511  -0.17129926  0.47125658 -0.48792404
  -0.02861325  0.13539265  0.3765133  -0.30702462  0.06702794]
 [ 0.05354081 -0.39558407  0.46023138 -0.16013519  0.43022916 -0.46889146
  -0.026783    0.12157158  0.33064255 -0.29262262  0.06024958]
 [ 0.04922889 -0.36225802  0.41448068 -0.14879396  0.38970284 -0.4476775
  -0.02491496  0.10658836  0.28174165 -0.27718716  0.05325291]
 [ 0.04490706 -0.3272936   0.36945174 -0.13727681  0.34970253 -0.42425357
  -0.0230097   0.09087096  0.23165646 -0.26071341  0.04613878]
 [ 0.04057688 -0.29096106  0.32519467 -0.12558508  0.31025214 -0.39859875
  -0.02106784  0.07483946  0.18207649 -0.24319896  0.03900477]
 [ 0.03623987 -0.2535419   0.28175685 -0.11372015  0.27137457 -0.37070031
  -0.01909002  0.05888989  0.1344657  -0.224644    0.03194322]
 [ 0.03189759 -0.21532513  0.23918291 -0.10168351  0.2330917  -0.34055418
  -0.01707691  0.04338098  0.09001849 -0.20505134  0.02503957]
 [ 0.02755158 -0.17660351  0.1975147  -0.08947673  0.19542441 -0.30816546
  -0.01502925  0.02862414  0.04963994 -0.18442657  0.01837101]
 [ 0.0232034  -0.13766989  0.15679126 -0.07710143  0.15839253 -0.2735488
  -0.01294777  0.01487691  0.01394736 -0.16277814  0.01200549]
 [ 0.01885459 -0.09881347  0.11704878 -0.06455935  0.12201484 -0.23672881
  -0.01083326  0.00233977 -0.01671106 -0.14011741  0.006001  ]]
dG_dw = [[-0.03848849  0.27923431 -0.32014923  0.11703219 -0.30214802  0.35618991
   0.01959883 -0.07906157 -0.20593905  0.21989527 -0.0401481 ]
 [-0.02206352  0.15757996 -0.17725669  0.06821266 -0.1690101   0.21558001
   0.01143922 -0.04078312 -0.10033747  0.13171856 -0.02125054]
 [-0.00707737  0.04697841 -0.05059809  0.02300377 -0.05005855  0.08012967
   0.00386999 -0.00790206 -0.01299789  0.04775624 -0.00488136]
 [ 0.00646396 -0.05161431  0.06011499 -0.01851427  0.05492303 -0.04913275
  -0.00309141  0.01906513  0.05495506 -0.03151136  0.00885749]
 [ 0.01855533 -0.13739734  0.15520149 -0.05626191  0.1461654  -0.17115831
  -0.00942787  0.03986642  0.10349513 -0.10559975  0.01992492]
 [ 0.02919247 -0.20973489  0.23500912 -0.0901603   0.22391294 -0.28488282
  -0.01512259  0.05450074  0.13354276 -0.17402199  0.02833765]
 [ 0.03837197 -0.26816313  0.29991245 -0.12013133  0.28842302 -0.38923268
  -0.02015912  0.06319251  0.14677048 -0.23629043  0.03416555]
 [ 0.04609129 -0.31239387  0.35031109 -0.14609774  0.33996531 -0.48313107
  -0.02452139  0.06635721  0.14538913 -0.2919186   0.03752586]
 [ 0.05234875 -0.34231524  0.38662771 -0.1679831   0.37882106 -0.56550455
  -0.02819375  0.06456127  0.13193579 -0.34042312  0.03857646]
 [ 0.05714355 -0.35798923  0.40930611 -0.1857119   0.40528241 -0.63528995
  -0.03116094  0.05847964  0.10907975 -0.38132573  0.03750861]]
E = 26.44399675803843
dE_dv = [35.36395823 37.56102215 48.25410629 20.52784003 20.43262414 19.60774793
 44.73133885 44.93929616 47.7555818  48.72944432 45.2629313 ]
dE_du = [ -1.31135873   9.37385528 -10.75970876   4.01425716 -10.19784711
  12.37116643   0.67234964  -2.55054503  -6.54301553   7.61373407
  -1.31559218]
dE_dw = [-0.21245905  1.37110048 -1.53427454  0.68804762 -1.51423138  2.35618526
  0.11554871 -0.23598039 -0.43838044  1.41233597 -0.14640411]
v_new = [-0.43068086  0.18544813 -1.24599221  0.07456364 -0.91761967  0.69326035
 -0.40361675 -0.62006908 -0.94844459  0.06117294 -0.54032865]
u_new = [ 0.07090343  0.04235057  0.95879036 -0.89807046 -0.72376293 -1.08327487
  0.65851619  0.58181895  0.80545445  0.88109934  0.61147305]
w_new = [ 0.0997516   0.41666773  0.2208695   0.08288589 -0.13754809  0.26822637
 -0.12598106  0.78590581  0.93170933 -0.24724032  0.58491412]
0 26.44399675803843
ya = [1.         1.12345679 1.27160494 1.44444444 1.64197531 1.86419753
 2.11111111 2.38271605 2.67901235 3.        ]
dya_dx = [1.         1.22222222 1.44444444 1.66666667 1.88888889 2.11111111
 2.33333333 2.55555556 2.77777778 3.        ]
d2ya_dx2 = [2. 2. 2. 2. 2. 2. 2. 2. 2. 2.]
y_err = [0.         0.0762768  0.13249015 0.1691999  0.18688146 0.18591919
 0.16660268 0.12912586 0.07358853 0.        ]
rmse_y = 0.1308954663557194
dy_dx_err = [ 0.7786297   0.59530647  0.41737504  0.24411456  0.0747307  -0.09161705
 -0.25578951 -0.41864414 -0.58101461 -0.74369372]
rmse_dy_dx = 0.4837122814545189
d2y_dx2_err = [-1.67612004 -1.62463221 -1.57921892 -1.54066531 -1.50950877 -1.48604559
 -1.4703479  -1.46228857 -1.4615711  -1.46776206]
rmse_d2y_dx2 = 1.5295118432336592
    xt       yt       ya     dyt_dx   dya_dx  d2yt_dx2  d2ya_dx2
0.000000 1.000000 1.000000 1.778630 1.000000 0.323880 2.000000
0.111111 1.199734 1.123457 1.817529 1.222222 0.375368 2.000000
0.222222 1.404095 1.271605 1.861819 1.444444 0.420781 2.000000
0.333333 1.613644 1.444444 1.910781 1.666667 0.459335 2.000000
0.444444 1.828857 1.641975 1.963620 1.888889 0.490491 2.000000
0.555556 2.050117 1.864198 2.019494 2.111111 0.513954 2.000000
0.666667 2.277714 2.111111 2.077544 2.333333 0.529652 2.000000
0.777778 2.511842 2.382716 2.136911 2.555556 0.537711 2.000000
0.888889 2.752601 2.679012 2.196763 2.777778 0.538429 2.000000
1.000000 3.000000 3.000000 2.256306 3.000000 0.532238 2.000000
RMSE     0.130895          0.483712          1.529512
